<?xml version="1.0" encoding="UTF-8"?>
<testsuite xmlns:xsi="http://www.w3.org/2001/XMLSchema-instance" xsi:noNamespaceSchemaLocation="https://maven.apache.org/surefire/maven-surefire-plugin/xsd/surefire-test-report.xsd" version="3.0.2" name="TestRunner" time="23.8" tests="4" errors="0" skipped="0" failures="1">
  <properties>
[...]
</properties>
  <testcase name="runScenario[&quot;A happy path scenario of a customer purchasing an item&quot;, &quot;SwagLabs&quot;](1)" classname="TestRunner" time="2.333">
    <system-out><![CDATA[
Scenario: A happy path scenario of a customer purchasing an item &amp#27;[90m# src/test/resources/Features/SwagLabs.feature:9&amp#27;[0m
  &amp#27;[32mGiven &amp#27;[0m&amp#27;[32mI am on the SwagLabs Website&amp#27;[0m                             &amp#27;[90m# WebApp.StepDefs.LoginPageSteps.i_am_on_the_swag_labs_website()&amp#27;[0m
  &amp#27;[32mGiven &amp#27;[0m&amp#27;[32mI log in with valid credentials&amp#27;[0m                          &amp#27;[90m# WebApp.StepDefs.LoginPageSteps.i_log_in_with_valid_credentials()&amp#27;[0m
  &amp#27;[32mWhen &amp#27;[0m&amp#27;[32mI add a product to basket&amp#27;[0m                                 &amp#27;[90m# WebApp.StepDefs.ProductPageSteps.i_add_a_product_to_basket()&amp#27;[0m
  &amp#27;[32mAnd &amp#27;[0m&amp#27;[32mI go to the basket&amp#27;[0m                                         &amp#27;[90m# WebApp.StepDefs.ProductPageSteps.iGoToTheBasket()&amp#27;[0m
  &amp#27;[32mAnd &amp#27;[0m&amp#27;[32mI complete the checkout process&amp#27;[0m                            &amp#27;[90m# WebApp.StepDefs.CheckoutSteps.iCompleteTheCheckoutProcess()&amp#27;[0m
  &amp#27;[32mThen &amp#27;[0m&amp#27;[32mI have completed my purchase&amp#27;[0m                              &amp#27;[90m# WebApp.StepDefs.CheckoutSteps.iHaveCompletedMyPurchase()&amp#27;[0m
]]></system-out>
    <system-err><![CDATA[SLF4J(W): No SLF4J providers were found.
SLF4J(W): Defaulting to no-operation (NOP) logger implementation
SLF4J(W): See https://www.slf4j.org/codes.html#noProviders for further details.
]]></system-err>
  </testcase>
  <testcase name="runScenario[&quot;Verify product prices on website with a csv file containing prices&quot;, &quot;SwagLabs&quot;](2)" classname="TestRunner" time="1.369">
    <system-out><![CDATA[
Scenario: Verify product prices on website with a csv file containing prices                  &amp#27;[90m# src/test/resources/Features/SwagLabs.feature:16&amp#27;[0m
  &amp#27;[32mGiven &amp#27;[0m&amp#27;[32mI am on the SwagLabs Website&amp#27;[0m                                                          &amp#27;[90m# WebApp.StepDefs.LoginPageSteps.i_am_on_the_swag_labs_website()&amp#27;[0m
  &amp#27;[32mGiven &amp#27;[0m&amp#27;[32mI log in with valid credentials&amp#27;[0m                                                       &amp#27;[90m# WebApp.StepDefs.LoginPageSteps.i_log_in_with_valid_credentials()&amp#27;[0m
  &amp#27;[32mThen &amp#27;[0m&amp#27;[32mI check website prices and iterate over each product in the csv and me sure it matches&amp#27;[0m &amp#27;[90m# WebApp.StepDefs.ProductPageSteps.i_check_website_prices_and_iterate_over_each_product_in_the_csv_and_me_sure_it_matches()&amp#27;[0m
]]></system-out>
  </testcase>
  <testcase name="runScenario[&quot;Expecting to successfully login&quot;, &quot;SwagLabs&quot;](3)" classname="TestRunner" time="16.338">
    <failure message="no such element: Unable to locate element: {&quot;method&quot;:&quot;xpath&quot;,&quot;selector&quot;:&quot;//span[@class=&apos;title&apos; and text()=&apos;Products&apos;]&quot;}&#10;  (Session info: chrome=136.0.7103.114)&#10;For documentation on this error, please visit: https://www.selenium.dev/documentation/webdriver/troubleshooting/errors#no-such-element-exception&#10;Build info: version: &apos;4.32.0&apos;, revision: &apos;d17c8aa950&apos;&#10;System info: os.name: &apos;Windows 11&apos;, os.arch: &apos;amd64&apos;, os.version: &apos;10.0&apos;, java.version: &apos;11.0.20&apos;&#10;Driver info: org.openqa.selenium.chrome.ChromeDriver&#10;Command: [f90253d91496d10e325936677ad3a0d4, findElement {value=//span[@class=&apos;title&apos; and text()=&apos;Products&apos;], using=xpath}]&#10;Capabilities {acceptInsecureCerts: false, browserName: chrome, browserVersion: 136.0.7103.114, chrome: {chromedriverVersion: 136.0.7103.113 (76fa3c17824..., userDataDir: C:\Users\humza\AppData\Loca...}, fedcm:accounts: true, goog:chromeOptions: {debuggerAddress: localhost:52512}, networkConnectionEnabled: false, pageLoadStrategy: normal, platformName: windows, proxy: Proxy(), se:cdp: ws://localhost:52512/devtoo..., se:cdpVersion: 136.0.7103.114, setWindowRect: true, strictFileInteractability: false, timeouts: {implicit: 0, pageLoad: 300000, script: 30000}, unhandledPromptBehavior: dismiss and notify, webauthn:extension:credBlob: true, webauthn:extension:largeBlob: true, webauthn:extension:minPinLength: true, webauthn:extension:prf: true, webauthn:virtualAuthenticators: true}&#10;Session ID: f90253d91496d10e325936677ad3a0d4" type="org.openqa.selenium.NoSuchElementException"><![CDATA[org.openqa.selenium.NoSuchElementException: 
no such element: Unable to locate element: {"method":"xpath","selector":"//span[@class='title' and text()='Products']"}
  (Session info: chrome=136.0.7103.114)
For documentation on this error, please visit: https://www.selenium.dev/documentation/webdriver/troubleshooting/errors#no-such-element-exception
Build info: version: '4.32.0', revision: 'd17c8aa950'
System info: os.name: 'Windows 11', os.arch: 'amd64', os.version: '10.0', java.version: '11.0.20'
Driver info: org.openqa.selenium.chrome.ChromeDriver
Command: [f90253d91496d10e325936677ad3a0d4, findElement {value=//span[@class='title' and text()='Products'], using=xpath}]
Capabilities {acceptInsecureCerts: false, browserName: chrome, browserVersion: 136.0.7103.114, chrome: {chromedriverVersion: 136.0.7103.113 (76fa3c17824..., userDataDir: C:\Users\humza\AppData\Loca...}, fedcm:accounts: true, goog:chromeOptions: {debuggerAddress: localhost:52512}, networkConnectionEnabled: false, pageLoadStrategy: normal, platformName: windows, proxy: Proxy(), se:cdp: ws://localhost:52512/devtoo..., se:cdpVersion: 136.0.7103.114, setWindowRect: true, strictFileInteractability: false, timeouts: {implicit: 0, pageLoad: 300000, script: 30000}, unhandledPromptBehavior: dismiss and notify, webauthn:extension:credBlob: true, webauthn:extension:largeBlob: true, webauthn:extension:minPinLength: true, webauthn:extension:prf: true, webauthn:virtualAuthenticators: true}
Session ID: f90253d91496d10e325936677ad3a0d4
	at java.base/jdk.internal.reflect.NativeConstructorAccessorImpl.newInstance0(Native Method)
	at java.base/jdk.internal.reflect.NativeConstructorAccessorImpl.newInstance(NativeConstructorAccessorImpl.java:62)
	at java.base/jdk.internal.reflect.DelegatingConstructorAccessorImpl.newInstance(DelegatingConstructorAccessorImpl.java:45)
	at java.base/java.lang.reflect.Constructor.newInstance(Constructor.java:490)
	at org.openqa.selenium.remote.ErrorCodec.decode(ErrorCodec.java:167)
	at org.openqa.selenium.remote.codec.w3c.W3CHttpResponseCodec.decode(W3CHttpResponseCodec.java:138)
	at org.openqa.selenium.remote.codec.w3c.W3CHttpResponseCodec.decode(W3CHttpResponseCodec.java:50)
	at org.openqa.selenium.remote.HttpCommandExecutor.execute(HttpCommandExecutor.java:215)
	at org.openqa.selenium.remote.service.DriverCommandExecutor.invokeExecute(DriverCommandExecutor.java:216)
	at org.openqa.selenium.remote.service.DriverCommandExecutor.execute(DriverCommandExecutor.java:174)
	at org.openqa.selenium.remote.RemoteWebDriver.execute(RemoteWebDriver.java:545)
	at org.openqa.selenium.remote.ElementLocation$ElementFinder$2.findElement(ElementLocation.java:165)
	at org.openqa.selenium.remote.ElementLocation.findElement(ElementLocation.java:59)
	at org.openqa.selenium.remote.RemoteWebDriver.findElement(RemoteWebDriver.java:368)
	at org.openqa.selenium.remote.RemoteWebDriver.findElement(RemoteWebDriver.java:362)
	at org.openqa.selenium.support.pagefactory.DefaultElementLocator.findElement(DefaultElementLocator.java:68)
	at org.openqa.selenium.support.pagefactory.internal.LocatingElementHandler.invoke(LocatingElementHandler.java:38)
	at com.sun.proxy.$Proxy25.isDisplayed(Unknown Source)
	at Framework.CustomElements.FindByImpl.BaseElement.isDisplayed(BaseElement.java:26)
	at WebApp.StepDefs.LoginPageSteps.iAmLoggedInSuccessfully(LoginPageSteps.java:46)
	at ✽.I am logged in successfully(file:///C:/Users/humza/IdeaProjects/Selenium4WebFramework/src/test/resources/Features/SwagLabs.feature:23)
]]></failure>
    <system-out><![CDATA[
@fail
Scenario: Expecting to successfully login   &amp#27;[90m# src/test/resources/Features/SwagLabs.feature:21&amp#27;[0m
  &amp#27;[32mGiven &amp#27;[0m&amp#27;[32mI am on the SwagLabs Website&amp#27;[0m        &amp#27;[90m# WebApp.StepDefs.LoginPageSteps.i_am_on_the_swag_labs_website()&amp#27;[0m
  &amp#27;[32mWhen &amp#27;[0m&amp#27;[32mI enter invalid credentials to login&amp#27;[0m &amp#27;[90m# WebApp.StepDefs.LoginPageSteps.i_enter_invalid_credentials_to_login()&amp#27;[0m
  &amp#27;[31mThen &amp#27;[0m&amp#27;[31mI am logged in successfully&amp#27;[0m          &amp#27;[90m# WebApp.StepDefs.LoginPageSteps.iAmLoggedInSuccessfully()&amp#27;[0m
      &amp#27;[31morg.openqa.selenium.NoSuchElementException: no such element: Unable to locate element: {"method":"xpath","selector":"//span[@class='title' and text()='Products']"}
        (Session info: chrome=136.0.7103.114)
      For documentation on this error, please visit: https://www.selenium.dev/documentation/webdriver/troubleshooting/errors#no-such-element-exception
      Build info: version: '4.32.0', revision: 'd17c8aa950'
      System info: os.name: 'Windows 11', os.arch: 'amd64', os.version: '10.0', java.version: '11.0.20'
      Driver info: org.openqa.selenium.chrome.ChromeDriver
      Command: [f90253d91496d10e325936677ad3a0d4, findElement {value=//span[@class='title' and text()='Products'], using=xpath}]
      Capabilities {acceptInsecureCerts: false, browserName: chrome, browserVersion: 136.0.7103.114, chrome: {chromedriverVersion: 136.0.7103.113 (76fa3c17824..., userDataDir: C:\Users\humza\AppData\Loca...}, fedcm:accounts: true, goog:chromeOptions: {debuggerAddress: localhost:52512}, networkConnectionEnabled: false, pageLoadStrategy: normal, platformName: windows, proxy: Proxy(), se:cdp: ws://localhost:52512/devtoo..., se:cdpVersion: 136.0.7103.114, setWindowRect: true, strictFileInteractability: false, timeouts: {implicit: 0, pageLoad: 300000, script: 30000}, unhandledPromptBehavior: dismiss and notify, webauthn:extension:credBlob: true, webauthn:extension:largeBlob: true, webauthn:extension:minPinLength: true, webauthn:extension:prf: true, webauthn:virtualAuthenticators: true}
      Session ID: f90253d91496d10e325936677ad3a0d4
      	at java.base/jdk.internal.reflect.NativeConstructorAccessorImpl.newInstance0(Native Method)
      	at java.base/jdk.internal.reflect.NativeConstructorAccessorImpl.newInstance(NativeConstructorAccessorImpl.java:62)
      	at java.base/jdk.internal.reflect.DelegatingConstructorAccessorImpl.newInstance(DelegatingConstructorAccessorImpl.java:45)
      	at java.base/java.lang.reflect.Constructor.newInstance(Constructor.java:490)
      	at org.openqa.selenium.remote.ErrorCodec.decode(ErrorCodec.java:167)
      	at org.openqa.selenium.remote.codec.w3c.W3CHttpResponseCodec.decode(W3CHttpResponseCodec.java:138)
      	at org.openqa.selenium.remote.codec.w3c.W3CHttpResponseCodec.decode(W3CHttpResponseCodec.java:50)
      	at org.openqa.selenium.remote.HttpCommandExecutor.execute(HttpCommandExecutor.java:215)
      	at org.openqa.selenium.remote.service.DriverCommandExecutor.invokeExecute(DriverCommandExecutor.java:216)
      	at org.openqa.selenium.remote.service.DriverCommandExecutor.execute(DriverCommandExecutor.java:174)
      	at org.openqa.selenium.remote.RemoteWebDriver.execute(RemoteWebDriver.java:545)
      	at org.openqa.selenium.remote.ElementLocation$ElementFinder$2.findElement(ElementLocation.java:165)
      	at org.openqa.selenium.remote.ElementLocation.findElement(ElementLocation.java:59)
      	at org.openqa.selenium.remote.RemoteWebDriver.findElement(RemoteWebDriver.java:368)
      	at org.openqa.selenium.remote.RemoteWebDriver.findElement(RemoteWebDriver.java:362)
      	at org.openqa.selenium.support.pagefactory.DefaultElementLocator.findElement(DefaultElementLocator.java:68)
      	at org.openqa.selenium.support.pagefactory.internal.LocatingElementHandler.invoke(LocatingElementHandler.java:38)
      	at com.sun.proxy.$Proxy25.isDisplayed(Unknown Source)
      	at Framework.CustomElements.FindByImpl.BaseElement.isDisplayed(BaseElement.java:26)
      	at WebApp.StepDefs.LoginPageSteps.iAmLoggedInSuccessfully(LoginPageSteps.java:46)
      	at âœ½.I am logged in successfully(file:///C:/Users/humza/IdeaProjects/Selenium4WebFramework/src/test/resources/Features/SwagLabs.feature:23)&amp#27;[0m

    Embedding Test Failed. Local screenshot saved at C:\Users\humza\AppData\Local\Temp\AutomationFailScreenshots\Expecting to successfully login 24 May 2025 10-57-03.png [image/png 34277 bytes]

]]></system-out>
  </testcase>
  <testcase name="runScenario[&quot;A unhappy path scenario of entering incorrect login credentials&quot;, &quot;SwagLabs&quot;](4)" classname="TestRunner" time="1.154">
    <system-out><![CDATA[
Scenario: A unhappy path scenario of entering incorrect login credentials &amp#27;[90m# src/test/resources/Features/SwagLabs.feature:25&amp#27;[0m
  &amp#27;[32mGiven &amp#27;[0m&amp#27;[32mI am on the SwagLabs Website&amp#27;[0m                                      &amp#27;[90m# WebApp.StepDefs.LoginPageSteps.i_am_on_the_swag_labs_website()&amp#27;[0m
  &amp#27;[32mWhen &amp#27;[0m&amp#27;[32mI enter invalid credentials to login&amp#27;[0m                               &amp#27;[90m# WebApp.StepDefs.LoginPageSteps.i_enter_invalid_credentials_to_login()&amp#27;[0m
  &amp#27;[32mThen &amp#27;[0m&amp#27;[32mA error message is outputted on the screen&amp#27;[0m                         &amp#27;[90m# WebApp.StepDefs.LoginPageSteps.a_error_message_is_outputted_on_the_screen()&amp#27;[0m
]]></system-out>
  </testcase>
</testsuite>